# JRE version: Java(TM) SE Runtime Environment (11.0+28) (build 11+28)
# Java VM: Java HotSpot(TM) 64-Bit Server VM (11+28, mixed mode, tiered, compressed oops, g1 gc, windows-amd64)
Heap:
 garbage-first heap   total 264192K, used 110592K [0x0000000700000000, 0x0000000800000000)
  region size 1024K, 2 young (2048K), 2 survivors (2048K)
 Metaspace       used 13513K, capacity 13849K, committed 14080K, reserved 1062912K
  class space    used 1321K, capacity 1418K, committed 1536K, reserved 1048576K
GC Heap History (10 events):
Event: 1.732 GC heap after
{Heap after GC invocations=5 (full 0):
 garbage-first heap   total 114688K, used 64881K [0x0000000700000000, 0x0000000800000000)
  region size 1024K, 3 young (3072K), 3 survivors (3072K)
 Metaspace       used 13513K, capacity 13849K, committed 14080K, reserved 1062912K
  class space    used 1321K, capacity 1418K, committed 1536K, reserved 1048576K
}
Event: 1.780 GC heap before
{Heap before GC invocations=5 (full 0):
 garbage-first heap   total 114688K, used 88433K [0x0000000700000000, 0x0000000800000000)
  region size 1024K, 21 young (21504K), 3 survivors (3072K)
 Metaspace       used 13513K, capacity 13849K, committed 14080K, reserved 1062912K
  class space    used 1321K, capacity 1418K, committed 1536K, reserved 1048576K
}
Event: 1.795 GC heap after
{Heap after GC invocations=6 (full 0):
 garbage-first heap   total 146432K, used 76142K [0x0000000700000000, 0x0000000800000000)
  region size 1024K, 3 young (3072K), 3 survivors (3072K)
 Metaspace       used 13513K, capacity 13849K, committed 14080K, reserved 1062912K
  class space    used 1321K, capacity 1418K, committed 1536K, reserved 1048576K
}
Event: 1.867 GC heap before
{Heap before GC invocations=7 (full 0):
 garbage-first heap   total 146432K, used 100718K [0x0000000700000000, 0x0000000800000000)
  region size 1024K, 27 young (27648K), 3 survivors (3072K)
 Metaspace       used 13513K, capacity 13849K, committed 14080K, reserved 1062912K
  class space    used 1321K, capacity 1418K, committed 1536K, reserved 1048576K
}
Event: 1.884 GC heap after
{Heap after GC invocations=8 (full 0):
 garbage-first heap   total 146432K, used 84242K [0x0000000700000000, 0x0000000800000000)
  region size 1024K, 4 young (4096K), 4 survivors (4096K)
 Metaspace       used 13513K, capacity 13849K, committed 14080K, reserved 1062912K
  class space    used 1321K, capacity 1418K, committed 1536K, reserved 1048576K
}
Event: 1.923 GC heap before
{Heap before GC invocations=8 (full 0):
 garbage-first heap   total 146432K, used 102674K [0x0000000700000000, 0x0000000800000000)
  region size 1024K, 23 young (23552K), 4 survivors (4096K)
 Metaspace       used 13513K, capacity 13849K, committed 14080K, reserved 1062912K
  class space    used 1321K, capacity 1418K, committed 1536K, reserved 1048576K
}
Event: 1.938 GC heap after
{Heap after GC invocations=9 (full 0):
 garbage-first heap   total 146432K, used 90428K [0x0000000700000000, 0x0000000800000000)
  region size 1024K, 4 young (4096K), 4 survivors (4096K)
 Metaspace       used 13513K, capacity 13849K, committed 14080K, reserved 1062912K
  class space    used 1321K, capacity 1418K, committed 1536K, reserved 1048576K
}
Event: 2.007 GC heap before
{Heap before GC invocations=9 (full 0):
 garbage-first heap   total 146432K, used 125244K [0x0000000700000000, 0x0000000800000000)
  region size 1024K, 24 young (24576K), 4 survivors (4096K)
 Metaspace       used 13513K, capacity 13849K, committed 14080K, reserved 1062912K
  class space    used 1321K, capacity 1418K, committed 1536K, reserved 1048576K
}
Event: 2.024 GC heap after
{Heap after GC invocations=10 (full 0):
 garbage-first heap   total 146432K, used 110592K [0x0000000700000000, 0x0000000800000000)
  region size 1024K, 3 young (3072K), 3 survivors (3072K)
 Metaspace       used 13513K, capacity 13849K, committed 14080K, reserved 1062912K
  class space    used 1321K, capacity 1418K, committed 1536K, reserved 1048576K
}
Event: 2.052 GC heap before
{Heap before GC invocations=10 (full 0):
 garbage-first heap   total 146432K, used 117760K [0x0000000700000000, 0x0000000800000000)
  region size 1024K, 14 young (14336K), 3 survivors (3072K)
 Metaspace       used 13513K, capacity 13849K, committed 14080K, reserved 1062912K
  class space    used 1321K, capacity 1418K, committed 1536K, reserved 1048576K
}

